0 info it worked if it ends with ok
1 verbose cli [ 'C:\\Program Files\\nodejs\\node.exe',
1 verbose cli   'C:\\Program Files\\nodejs\\node_modules\\npm\\bin\\npm-cli.js',
1 verbose cli   'start' ]
2 info using npm@3.10.8
3 info using node@v6.9.1
4 verbose run-script [ 'prestart', 'start', 'poststart' ]
5 info lifecycle HW-2@1.0.0~prestart: HW-2@1.0.0
6 silly lifecycle HW-2@1.0.0~prestart: no script for prestart, continuing
7 info lifecycle HW-2@1.0.0~start: HW-2@1.0.0
8 verbose lifecycle HW-2@1.0.0~start: unsafe-perm in lifecycle true
9 verbose lifecycle HW-2@1.0.0~start: PATH: C:\Users\Mariam_Manukyan\AppData\Roaming\nvm\v6.9.1\node_modules\npm\bin\node-gyp-bin;C:\Users\Mariam_Manukyan\Documents\React-2\HW 5-8\node_modules\.bin;C:\oraclexe\app\oracle\product\11.2.0\server\bin;C:\Program Files (x86)\Intel\Intel(R) Management Engine Components\iCLS\;C:\Program Files\Intel\Intel(R) Management Engine Components\iCLS\;C:\WINDOWS\system32;C:\WINDOWS;C:\WINDOWS\System32\Wbem;C:\WINDOWS\System32\WindowsPowerShell\v1.0\;C:\WINDOWS\System32\OpenSSH\;C:\Program Files\TortoiseSVN\bin;C:\Program Files\Intel\WiFi\bin\;C:\Program Files\Common Files\Intel\WirelessCommon\;C:\Program Files (x86)\Intel\Intel(R) Management Engine Components\DAL;C:\Program Files\Intel\Intel(R) Management Engine Components\DAL;C:\Program Files (x86)\Intel\Intel(R) Management Engine Components\IPT;C:\Program Files\Intel\Intel(R) Management Engine Components\IPT;C:\Program Files\Git\cmd;C:\Mplwin\50\bin\win64\;C:\Users\Mariam_Manukyan\AppData\Roaming\nvm;C:\Program Files\nodejs;C:\Users\Mariam_Manukyan\AppData\Local\Microsoft\WindowsApps;C:\Users\Mariam_Manukyan\AppData\Local\Programs\Microsoft VS Code\bin;C:\Users\Mariam_Manukyan\AppData\Roaming\npm;C:\Users\Mariam_Manukyan\AppData\Roaming\nvm;C:\Program Files\nodejs;
10 verbose lifecycle HW-2@1.0.0~start: CWD: C:\Users\Mariam_Manukyan\Documents\React-2\HW 5-8
11 silly lifecycle HW-2@1.0.0~start: Args: [ '/d /s /c', 'webpack-dev-server --open --mode development' ]
12 silly lifecycle HW-2@1.0.0~start: Returned: code: 3221225786  signal: null
13 info lifecycle HW-2@1.0.0~start: Failed to exec start script
14 verbose stack Error: HW-2@1.0.0 start: `webpack-dev-server --open --mode development`
14 verbose stack Exit status 3221225786
14 verbose stack     at EventEmitter.<anonymous> (C:\Users\Mariam_Manukyan\AppData\Roaming\nvm\v6.9.1\node_modules\npm\lib\utils\lifecycle.js:255:16)
14 verbose stack     at emitTwo (events.js:106:13)
14 verbose stack     at EventEmitter.emit (events.js:191:7)
14 verbose stack     at ChildProcess.<anonymous> (C:\Users\Mariam_Manukyan\AppData\Roaming\nvm\v6.9.1\node_modules\npm\lib\utils\spawn.js:40:14)
14 verbose stack     at emitTwo (events.js:106:13)
14 verbose stack     at ChildProcess.emit (events.js:191:7)
14 verbose stack     at maybeClose (internal/child_process.js:877:16)
14 verbose stack     at Process.ChildProcess._handle.onexit (internal/child_process.js:226:5)
15 verbose pkgid HW-2@1.0.0
16 verbose cwd C:\Users\Mariam_Manukyan\Documents\React-2\HW 5-8
17 error Windows_NT 10.0.17763
18 error argv "C:\\Program Files\\nodejs\\node.exe" "C:\\Program Files\\nodejs\\node_modules\\npm\\bin\\npm-cli.js" "start"
19 error node v6.9.1
20 error npm  v3.10.8
21 error code ELIFECYCLE
22 error HW-2@1.0.0 start: `webpack-dev-server --open --mode development`
22 error Exit status 3221225786
23 error Failed at the HW-2@1.0.0 start script 'webpack-dev-server --open --mode development'.
23 error Make sure you have the latest version of node.js and npm installed.
23 error If you do, this is most likely a problem with the HW-2 package,
23 error not with npm itself.
23 error Tell the author that this fails on your system:
23 error     webpack-dev-server --open --mode development
23 error You can get information on how to open an issue for this project with:
23 error     npm bugs HW-2
23 error Or if that isn't available, you can get their info via:
23 error     npm owner ls HW-2
23 error There is likely additional logging output above.
24 verbose exit [ 1, true ]
